<?xml version="1.0" encoding="UTF-8"?>
<!-- Generated by org.testng.reporters.JUnitReportReporter -->
<testsuite hostname="LAPTOP-1311K3P6" failures="0" tests="4" name="com.crm.qa.test.LoginPageTest" time="9.131" errors="0" timestamp="2025-05-25T21:47:39 BST" skipped="3">
  <testcase classname="com.crm.qa.test.LoginPageTest" name="registerNewUser" time="9.131"/>
  <testcase classname="com.crm.qa.test.LoginPageTest" name="validateGotoRegister">
    <skipped/>
  </testcase> <!-- validateGotoRegister -->
  <testcase classname="com.crm.qa.test.LoginPageTest" name="validateLogin">
    <skipped/>
  </testcase> <!-- validateLogin -->
  <testcase classname="com.crm.qa.test.LoginPageTest" name="validateLoginPageTitle">
    <skipped/>
  </testcase> <!-- validateLoginPageTitle -->
</testsuite> <!-- com.crm.qa.test.LoginPageTest -->
