<?xml version="1.0" encoding="UTF-8"?>
<!-- Generated by org.testng.reporters.JUnitReportReporter -->
<testsuite hostname="LAPTOP-1311K3P6" failures="0" tests="1" name="com.crm.qa.test.OpenNewAccountPageTest" time="5.131" errors="0" timestamp="2025-05-24T22:46:06 BST" skipped="0">
  <testcase classname="com.crm.qa.test.OpenNewAccountPageTest" name="validateOpenAccountPage" time="5.131"/>
</testsuite> <!-- com.crm.qa.test.OpenNewAccountPageTest -->
