<?xml version="1.0" encoding="UTF-8"?>
<!-- Generated by org.testng.reporters.JUnitReportReporter -->
<testsuite hostname="LAPTOP-1311K3P6" failures="0" tests="2" name="com.crm.qa.test.HomePageTest" time="11.043" errors="0" timestamp="2025-05-23T20:02:43 BST" skipped="0">
  <testcase classname="com.crm.qa.test.HomePageTest" name="validateLogout" time="5.230"/>
  <testcase classname="com.crm.qa.test.HomePageTest" name="validateGotoNewAccount" time="5.813"/>
</testsuite> <!-- com.crm.qa.test.HomePageTest -->
